This is pdfTeX, Version 3.14159265-2.6-1.40.17 (TeX Live 2016/W32TeX) (preloaded format=pdflatex 2016.7.26)  12 OCT 2017 17:22
entering extended mode
 restricted \write18 enabled.
 %&-line parsing enabled.
**./Diploma_V2.tex
(./Diploma_V2.tex
LaTeX2e <2016/03/31> patch level 2
Babel <3.9r> and hyphenation patterns for 83 language(s) loaded.
(c:/texlive/2016/texmf-dist/tex/latex/base/book.cls
Document Class: book 2014/09/29 v1.4h Standard LaTeX document class
(c:/texlive/2016/texmf-dist/tex/latex/base/bk12.clo
File: bk12.clo 2014/09/29 v1.4h Standard LaTeX file (size option)
)
\c@part=\count79
\c@chapter=\count80
\c@section=\count81
\c@subsection=\count82
\c@subsubsection=\count83
\c@paragraph=\count84
\c@subparagraph=\count85
\c@figure=\count86
\c@table=\count87
\abovecaptionskip=\skip41
\belowcaptionskip=\skip42
\bibindent=\dimen102
)
(c:/texlive/2016/texmf-dist/tex/latex/base/inputenc.sty
Package: inputenc 2015/03/17 v1.2c Input encoding file
\inpenc@prehook=\toks14
\inpenc@posthook=\toks15

(c:/texlive/2016/texmf-dist/tex/latex/base/cp1250.def
File: cp1250.def 2015/03/17 v1.2c Input encoding file
))
(c:/texlive/2016/texmf-dist/tex/generic/babel/babel.sty
Package: babel 2016/04/23 3.9r The Babel package

(c:/texlive/2016/texmf-dist/tex/generic/babel-slovenian/Slovene.ldf
Language: slovene 2005/03/31 v1.2m Slovene support from the babel system

(c:/texlive/2016/texmf-dist/tex/generic/babel/babel.def
File: babel.def 2016/04/23 3.9r Babel common definitions
\babel@savecnt=\count88
\U@D=\dimen103
)
Package babel Info: Making " an active character on input line 79.
))
(./UNI-LJ-FE-Diploma.sty

UNI-LJ-FE-Diploma stilska opcija V.1.0 junij 2013
Stilska opcija za diplome na Fakulteti za elektrotehniko Univerze v Ljubljani
Izvedena iz DOKT-STYLE OPTION V.1.01 9.1.1992
Avtor: Sa\v so Toma\v zi\v c
Dopolnil: Jus Kocijan 
Dopolnil: Ales Hribar 2006
Dopolnil: Sebastjan Slajpah, 2013
Dopolnil in pre\v cistil: Sa\v so Toma\v zi\v c, 2013

(c:/texlive/2016/texmf-dist/tex/latex/amsmath/amsmath.sty
Package: amsmath 2016/06/28 v2.15d AMS math features
\@mathmargin=\skip43

For additional information on amsmath, use the `?' option.
(c:/texlive/2016/texmf-dist/tex/latex/amsmath/amstext.sty
Package: amstext 2000/06/29 v2.01 AMS text

(c:/texlive/2016/texmf-dist/tex/latex/amsmath/amsgen.sty
File: amsgen.sty 1999/11/30 v2.0 generic functions
\@emptytoks=\toks16
\ex@=\dimen104
))
(c:/texlive/2016/texmf-dist/tex/latex/amsmath/amsbsy.sty
Package: amsbsy 1999/11/29 v1.2d Bold Symbols
\pmbraise@=\dimen105
)
(c:/texlive/2016/texmf-dist/tex/latex/amsmath/amsopn.sty
Package: amsopn 2016/03/08 v2.02 operator names
)
\inf@bad=\count89
LaTeX Info: Redefining \frac on input line 199.
\uproot@=\count90
\leftroot@=\count91
LaTeX Info: Redefining \overline on input line 297.
\classnum@=\count92
\DOTSCASE@=\count93
LaTeX Info: Redefining \ldots on input line 394.
LaTeX Info: Redefining \dots on input line 397.
LaTeX Info: Redefining \cdots on input line 518.
\Mathstrutbox@=\box26
\strutbox@=\box27
\big@size=\dimen106
LaTeX Font Info:    Redeclaring font encoding OML on input line 634.
LaTeX Font Info:    Redeclaring font encoding OMS on input line 635.
\macc@depth=\count94
\c@MaxMatrixCols=\count95
\dotsspace@=\muskip10
\c@parentequation=\count96
\dspbrk@lvl=\count97
\tag@help=\toks17
\row@=\count98
\column@=\count99
\maxfields@=\count100
\andhelp@=\toks18
\eqnshift@=\dimen107
\alignsep@=\dimen108
\tagshift@=\dimen109
\tagwidth@=\dimen110
\totwidth@=\dimen111
\lineht@=\dimen112
\@envbody=\toks19
\multlinegap=\skip44
\multlinetaggap=\skip45
\mathdisplay@stack=\toks20
LaTeX Info: Redefining \[ on input line 2739.
LaTeX Info: Redefining \] on input line 2740.
)
(c:/texlive/2016/texmf-dist/tex/latex/graphics/graphicx.sty
Package: graphicx 2014/10/28 v1.0g Enhanced LaTeX Graphics (DPC,SPQR)

(c:/texlive/2016/texmf-dist/tex/latex/graphics/keyval.sty
Package: keyval 2014/10/28 v1.15 key=value parser (DPC)
\KV@toks@=\toks21
)
(c:/texlive/2016/texmf-dist/tex/latex/graphics/graphics.sty
Package: graphics 2016/07/10 v1.0t Standard LaTeX Graphics (DPC,SPQR)

(c:/texlive/2016/texmf-dist/tex/latex/graphics/trig.sty
Package: trig 2016/01/03 v1.10 sin cos tan (DPC)
)
(c:/texlive/2016/texmf-dist/tex/latex/graphics-cfg/graphics.cfg
File: graphics.cfg 2016/06/04 v1.11 sample graphics configuration
)
Package graphics Info: Driver file: pdftex.def on input line 99.

(c:/texlive/2016/texmf-dist/tex/latex/graphics-def/pdftex.def
File: pdftex.def 2016/07/10 v0.06j Graphics/color for pdfTeX

(c:/texlive/2016/texmf-dist/tex/generic/oberdiek/infwarerr.sty
Package: infwarerr 2016/05/16 v1.4 Providing info/warning/error messages (HO)
)
(c:/texlive/2016/texmf-dist/tex/generic/oberdiek/ltxcmds.sty
Package: ltxcmds 2016/05/16 v1.23 LaTeX kernel commands for general use (HO)
)
\Gread@gobject=\count101
))
\Gin@req@height=\dimen113
\Gin@req@width=\dimen114
)
(c:/texlive/2016/texmf-dist/tex/latex/oberdiek/epstopdf.sty
Package: epstopdf 2016/05/15 v2.6 Conversion with epstopdf on the fly (HO)

(c:/texlive/2016/texmf-dist/tex/latex/oberdiek/epstopdf-base.sty
Package: epstopdf-base 2016/05/15 v2.6 Base part for package epstopdf

(c:/texlive/2016/texmf-dist/tex/latex/oberdiek/grfext.sty
Package: grfext 2016/05/16 v1.2 Manage graphics extensions (HO)

(c:/texlive/2016/texmf-dist/tex/generic/oberdiek/kvdefinekeys.sty
Package: kvdefinekeys 2016/05/16 v1.4 Define keys (HO)
))
(c:/texlive/2016/texmf-dist/tex/latex/oberdiek/kvoptions.sty
Package: kvoptions 2016/05/16 v3.12 Key value format for package options (HO)

(c:/texlive/2016/texmf-dist/tex/generic/oberdiek/kvsetkeys.sty
Package: kvsetkeys 2016/05/16 v1.17 Key value parser (HO)

(c:/texlive/2016/texmf-dist/tex/generic/oberdiek/etexcmds.sty
Package: etexcmds 2016/05/16 v1.6 Avoid name clashes with e-TeX commands (HO)

(c:/texlive/2016/texmf-dist/tex/generic/oberdiek/ifluatex.sty
Package: ifluatex 2016/05/16 v1.4 Provides the ifluatex switch (HO)
Package ifluatex Info: LuaTeX not detected.
)
Package etexcmds Info: Could not find \expanded.
(etexcmds)             That can mean that you are not using pdfTeX 1.50 or
(etexcmds)             that some package has redefined \expanded.
(etexcmds)             In the latter case, load this package earlier.
)))
(c:/texlive/2016/texmf-dist/tex/generic/oberdiek/pdftexcmds.sty
Package: pdftexcmds 2016/05/21 v0.22 Utility functions of pdfTeX for LuaTeX (HO
)

(c:/texlive/2016/texmf-dist/tex/generic/oberdiek/ifpdf.sty
Package: ifpdf 2016/05/14 v3.1 Provides the ifpdf switch
)
Package pdftexcmds Info: LuaTeX not detected.
Package pdftexcmds Info: \pdf@primitive is available.
Package pdftexcmds Info: \pdf@ifprimitive is available.
Package pdftexcmds Info: \pdfdraftmode found.
)
Package epstopdf-base Info: Redefining graphics rule for `.eps' on input line 4
38.
Package grfext Info: Graphics extension search list:
(grfext)             [.png,.pdf,.jpg,.mps,.jpeg,.jbig2,.jb2,.PNG,.PDF,.JPG,.JPE
G,.JBIG2,.JB2,.eps]
(grfext)             \AppendGraphicsExtensions on input line 456.

(c:/texlive/2016/texmf-dist/tex/latex/latexconfig/epstopdf-sys.cfg
File: epstopdf-sys.cfg 2010/07/13 v1.3 Configuration of (r)epstopdf for TeX Liv
e
)))
\epsffilein=\read1
\epsfxsize=\dimen115
\epsfysize=\dimen116
\epsftsize=\dimen117
\epsfrsize=\dimen118
\epsftmp=\dimen119
\pspoints=\dimen120
\xcelo=\count102
\xdec=\count103
\xxdec=\count104
\xxxdec=\count105
\ycelo=\count106
\ydec=\count107
\yydec=\count108
\yyydec=\count109
\tmpcount=\count110
)
(./Diploma_V2.aux)
\openout1 = `Diploma_V2.aux'.

LaTeX Font Info:    Checking defaults for OML/cmm/m/it on input line 33.
LaTeX Font Info:    ... okay on input line 33.
LaTeX Font Info:    Checking defaults for T1/cmr/m/n on input line 33.
LaTeX Font Info:    ... okay on input line 33.
LaTeX Font Info:    Checking defaults for OT1/cmr/m/n on input line 33.
LaTeX Font Info:    ... okay on input line 33.
LaTeX Font Info:    Checking defaults for OMS/cmsy/m/n on input line 33.
LaTeX Font Info:    ... okay on input line 33.
LaTeX Font Info:    Checking defaults for OMX/cmex/m/n on input line 33.
LaTeX Font Info:    ... okay on input line 33.
LaTeX Font Info:    Checking defaults for U/cmr/m/n on input line 33.
LaTeX Font Info:    ... okay on input line 33.

(c:/texlive/2016/texmf-dist/tex/context/base/mkii/supp-pdf.mkii
[Loading MPS to PDF converter (version 2006.09.02).]
\scratchcounter=\count111
\scratchdimen=\dimen121
\scratchbox=\box28
\nofMPsegments=\count112
\nofMParguments=\count113
\everyMPshowfont=\toks22
\MPscratchCnt=\count114
\MPscratchDim=\dimen122
\MPnumerator=\count115
\makeMPintoPDFobject=\count116
\everyMPtoPDFconversion=\toks23
) [1


{c:/texlive/2016/texmf-var/fonts/map/pdftex/updmap/pdftex.map}] [2]
[3

]
Overfull \hbox (2.61108pt too wide) has occurred while \output is active
[] 
 []

[4

] (./Diploma_V2.toc
Underfull \vbox (badness 4156) has occurred while \output is active []

 [5]
Overfull \hbox (2.61108pt too wide) has occurred while \output is active
[] 
 []

[6]
Overfull \hbox (2.61108pt too wide) has occurred while \output is active
[] 
 []

[7])
\tf@toc=\write3
\openout3 = `Diploma_V2.toc'.


Overfull \hbox (2.61108pt too wide) has occurred while \output is active
[] 
 []

[8] (./Diploma_V2.lof)
\tf@lof=\write4
\openout4 = `Diploma_V2.lof'.

 [9

]
Overfull \hbox (2.61108pt too wide) has occurred while \output is active
[] 
 []

[10

] (./Diploma_V2.lot)
\tf@lot=\write5
\openout5 = `Diploma_V2.lot'.

 [11]
Overfull \hbox (2.61108pt too wide) has occurred while \output is active
[] 
 []

[12

] (./Diploma_V2.lof)
\tf@lof=\write6
\openout6 = `Diploma_V2.lof'.

 [13]
Overfull \hbox (2.61108pt too wide) has occurred while \output is active
[] 
 []

[14

] (./Diploma_V2.lof)
\tf@lof=\write7
\openout7 = `Diploma_V2.lof'.

 [1

]
Overfull \hbox (2.61108pt too wide) has occurred while \output is active
[] 
 []

[2

] (./Diploma_V2.lof)
\tf@lof=\write8
\openout8 = `Diploma_V2.lof'.

 [3]
Overfull \hbox (2.61108pt too wide) has occurred while \output is active
[] 
 []

[4

]
  1.
[5]
Overfull \hbox (2.61108pt too wide) has occurred while \output is active
[] 
 []

[6

]
  2.

Underfull \vbox (badness 10000) has occurred while \output is active []

 [7]
Overfull \vbox (90.28091pt too high) has occurred while \output is active []


Overfull \hbox (2.61108pt too wide) has occurred while \output is active
[] 
 []

[8]
Overfull \hbox (2.61108pt too wide) has occurred while \output is active
[] 
 []

[9]
Overfull \hbox (2.61108pt too wide) has occurred while \output is active
[] 
 []

[10

]
  3.

Underfull \vbox (badness 10000) has occurred while \output is active []

 [11]
Overfull \vbox (90.28091pt too high) has occurred while \output is active []


Overfull \hbox (2.61108pt too wide) has occurred while \output is active
[] 
 []

[12]
Overfull \hbox (2.61108pt too wide) has occurred while \output is active
[] 
 []

[13]
Overfull \hbox (2.61108pt too wide) has occurred while \output is active
[] 
 []

[14

]
  4.

Underfull \vbox (badness 10000) has occurred while \output is active []

 [15]
Overfull \vbox (417.8468pt too high) has occurred while \output is active []


Overfull \hbox (2.61108pt too wide) has occurred while \output is active
[] 
 []

[16]
  5.
[17

]
Overfull \hbox (2.61108pt too wide) has occurred while \output is active
[] 
 []

[18

]
  6.
(./Diploma_V2.bbl [19]
Overfull \hbox (2.61108pt too wide) has occurred while \output is active
[] 
 []

[20

]) [21]
Overfull \hbox (2.61108pt too wide) has occurred while \output is active
[] 
 []

[22

] [23]
Overfull \hbox (2.61108pt too wide) has occurred while \output is active
[] 
 []

[24

]
  A.
[25]
LaTeX Font Info:    Try loading font information for OMS+cmr on input line 287.

 (c:/texlive/2016/texmf-dist/tex/latex/base/omscmr.fd
File: omscmr.fd 2014/09/29 v2.5h Standard LaTeX font definitions
)
LaTeX Font Info:    Font shape `OMS/cmr/m/n' in size <12> not available
(Font)              Font shape `OMS/cmsy/m/n' tried instead on input line 287.

Underfull \hbox (badness 10000) in paragraph at lines 303--303
[][]\OT1/cmr/m/n/10 http://www.jud.ct.gov/external/super/e-services/efile/How-t
o-Save-or-Convert-to-
 []


Overfull \hbox (2.61108pt too wide) has occurred while \output is active
[] 
 []

[26]
  B.
[27

]
Overfull \hbox (2.61108pt too wide) has occurred while \output is active
[] 
 []

[28

]
  C.
Package epstopdf Info: Source file: <./Slike/vektorska_slika_2.eps>
(epstopdf)                    date: 2013-10-17 18:36:30
(epstopdf)                    size: 43721 bytes
(epstopdf)             Output file: <./Slike/vektorska_slika_2-eps-converted-to
.pdf>
(epstopdf)                    date: 2013-12-02 11:38:12
(epstopdf)                    size: 6625 bytes
(epstopdf)             Command: <repstopdf --outfile=./Slike/vektorska_slika_2-
eps-converted-to.pdf ./Slike/vektorska_slika_2.eps>
(epstopdf)             \includegraphics on input line 362.
Package epstopdf Info: Output file is already uptodate.

<./Slike/vektorska_slika_2-eps-converted-to.pdf, id=147, 192.72pt x 51.19125pt>
File: ./Slike/vektorska_slika_2-eps-converted-to.pdf Graphic file (type pdf)
<use ./Slike/vektorska_slika_2-eps-converted-to.pdf>
Package pdftex.def Info: ./Slike/vektorska_slika_2-eps-converted-to.pdf used on
 input line 362.
(pdftex.def)             Requested size: 192.71951pt x 51.19112pt.
 [29]
<./Slike/bitnaslika.png, id=153, 378.41376pt x 306.14375pt>
File: ./Slike/bitnaslika.png Graphic file (type png)

<use ./Slike/bitnaslika.png>
Package pdftex.def Info: ./Slike/bitnaslika.png used on input line 373.
(pdftex.def)             Requested size: 267.4573pt x 216.24245pt.

Overfull \hbox (2.61108pt too wide) has occurred while \output is active
[] 
 []

[30 <./Slike/vektorska_slika_2-eps-converted-to.pdf> <./Slike/bitnaslika.png>]
  D.
[31

]
Overfull \hbox (2.61108pt too wide) has occurred while \output is active
[] 
 []

[32

]
  E.

Underfull \hbox (badness 10000) in paragraph at lines 404--407
\OT1/cmr/m/n/12 Izvoz ci-ta-tov v Bib-Tex for-matu je mo^^Tzen na sple-tni stra
ni
 []

[33]
Overfull \hbox (2.61108pt too wide) has occurred while \output is active
[] 
 []

[34] (./Diploma_V2.aux) ) 
Here is how much of TeX's memory you used:
 2791 strings out of 493013
 37045 string characters out of 6136993
 108589 words of memory out of 5000000
 6266 multiletter control sequences out of 15000+600000
 13895 words of font info for 49 fonts, out of 8000000 for 9000
 1141 hyphenation exceptions out of 8191
 49i,11n,25p,405b,289s stack positions out of 5000i,500n,10000p,200000b,80000s
<c:/texlive/2016/texmf-dist/fonts/type1/public/amsfont
s/cm/cmbx12.pfb><c:/texlive/2016/texmf-dist/fonts/type1/public/amsfonts/cm/cmbx
ti10.pfb><c:/texlive/2016/texmf-dist/fonts/type1/public/amsfonts/cm/cmmi12.pfb>
<c:/texlive/2016/texmf-dist/fonts/type1/public/amsfonts/cm/cmr10.pfb><c:/texliv
e/2016/texmf-dist/fonts/type1/public/amsfonts/cm/cmr12.pfb><c:/texlive/2016/tex
mf-dist/fonts/type1/public/amsfonts/cm/cmr17.pfb><c:/texlive/2016/texmf-dist/fo
nts/type1/public/amsfonts/cm/cmr7.pfb><c:/texlive/2016/texmf-dist/fonts/type1/p
ublic/amsfonts/cm/cmr8.pfb><c:/texlive/2016/texmf-dist/fonts/type1/public/amsfo
nts/cm/cmsl12.pfb><c:/texlive/2016/texmf-dist/fonts/type1/public/amsfonts/cm/cm
sy10.pfb><c:/texlive/2016/texmf-dist/fonts/type1/public/amsfonts/cm/cmti12.pfb>
<c:/texlive/2016/texmf-dist/fonts/type1/public/amsfonts/cm/cmtt10.pfb><c:/texli
ve/2016/texmf-dist/fonts/type1/public/amsfonts/cm/cmtt12.pfb>
Output written on Diploma_V2.pdf (48 pages, 410531 bytes).
PDF statistics:
 226 PDF objects out of 1000 (max. 8388607)
 155 compressed objects within 2 object streams
 0 named destinations out of 1000 (max. 500000)
 11 words of extra memory for PDF output out of 10000 (max. 10000000)

