\BOOKMARK [0][-]{chapter.1}{Uvod}{}% 1
\BOOKMARK [0][-]{chapter.2}{Dajalniki pozicije RM44}{}% 2
\BOOKMARK [0][-]{chapter.3}{Analiticna izpeljava dinamicne in staticne ekscentricnosti}{}% 3
\BOOKMARK [1][-]{section.3.1}{Zacetna pozicija senzorjev}{chapter.3}% 4
\BOOKMARK [1][-]{section.3.2}{Zasuk magneta}{chapter.3}% 5
\BOOKMARK [1][-]{section.3.3}{Izpeljava enacb pri dinamicni ekscentricnosti}{chapter.3}% 6
\BOOKMARK [1][-]{section.3.4}{Izpeljava enacb pri staticni ekscentricnosti}{chapter.3}% 7
\BOOKMARK [1][-]{section.3.5}{Koncna enacba za dolocitev lokacije sonde in dolocanje pomerjenega kota}{chapter.3}% 8
\BOOKMARK [1][-]{section.3.6}{Dolocanje kota pri staticni ekscntricnosti v smeri x }{chapter.3}% 9
\BOOKMARK [1][-]{section.3.7}{Dolocanje pribli\236ka za funkcijo arctan}{chapter.3}% 10
\BOOKMARK [0][-]{chapter.4}{Numericen izracun napake}{}% 11
\BOOKMARK [1][-]{subsection.4.0.1}{Napaka pri staticni ekscentricnosti v smeri x-osi}{chapter.4}% 12
\BOOKMARK [2][-]{subsection.4.0.2}{Napaka pri staticni ekscentricnosti v smeri y-osi}{subsection.4.0.1}% 13
\BOOKMARK [2][-]{subsection.4.0.3}{Napaka pri dinamicni ekscentricnosti v smeri x-osi}{subsection.4.0.1}% 14
\BOOKMARK [1][-]{section.4.1}{Linearno vecanje napake in opazovanje posameznih harmonikov pogre\235ka}{chapter.4}% 15
\BOOKMARK [2][-]{subsection.4.1.1}{Vecanje staticne napake v x-osi}{section.4.1}% 16
\BOOKMARK [2][-]{subsection.4.1.2}{Vecanje staticne ekscentricnosti v y-osi}{section.4.1}% 17
\BOOKMARK [2][-]{subsection.4.1.3}{Vecanje dinamicne napake v x-osi}{section.4.1}% 18
\BOOKMARK [1][-]{section.4.2}{Izracun napke z realnimi podatki gostote magnetnega polja}{chapter.4}% 19
\BOOKMARK [2][-]{subsection.4.2.1}{Napaka brez ekscentricnosti}{section.4.2}% 20
\BOOKMARK [2][-]{subsection.4.2.2}{Napaka pri staticni ekscentricnosti v smeri x-osi}{section.4.2}% 21
\BOOKMARK [2][-]{subsection.4.2.3}{Napaka pri staticni ekscentricnosti v smeri y-osi}{section.4.2}% 22
\BOOKMARK [2][-]{subsection.4.2.4}{Napaka pri dinamicni ekscentricnosti v smeri x-osi}{section.4.2}% 23
\BOOKMARK [2][-]{subsection.4.2.5}{Napaka pri dinamicni ekscentricnosti v smeri y-osi}{section.4.2}% 24
\BOOKMARK [2][-]{subsection.4.2.6}{Vecanje staticne ekscentricnosti v x-osi}{section.4.2}% 25
\BOOKMARK [2][-]{subsection.4.2.7}{Vecanje staticne ekscentricnosti v y-osi}{section.4.2}% 26
\BOOKMARK [2][-]{subsection.4.2.8}{Vecanje dinamicne ekscentricnosti v x-osi}{section.4.2}% 27
\BOOKMARK [2][-]{subsection.4.2.9}{Vecanje dinamicne ekscentricnosti v y-osi}{section.4.2}% 28
\BOOKMARK [1][-]{section.4.3}{Zakljucna misel po opravljenih simulacijah}{chapter.4}% 29
\BOOKMARK [0][-]{chapter.5}{Meritve ekscentricnosti}{}% 30
\BOOKMARK [1][-]{section.5.1}{Pomerjeno magnetno polje}{chapter.5}% 31
\BOOKMARK [1][-]{section.Alph0.1}{Brez ekscentricnosti}{chapter.5}% 32
\BOOKMARK [1][-]{section.Alph0.2}{Staticna ekscentricnost v x-osi}{chapter.5}% 33
\BOOKMARK [1][-]{section.Alph0.3}{Staticna ekscentricnost v y-osi}{chapter.5}% 34
\BOOKMARK [1][-]{section.Alph0.4}{Dinamicna ekscentricnost v x-osi}{chapter.5}% 35
